[2023-03-20 14:07:39:433] [ERROR] [2764436432-aWatch] 插件 [32mele[0m 导入过程中发生错误: 
Unexpected token ')'
[2023-03-20 14:10:47:216] [ERROR] [2764436432-aWatch] objectLength is not defined
[2023-03-20 14:38:32:320] [ERROR] [2764436432-aWatch] Cannot read properties of undefined (reading '1')
[2023-03-20 14:49:50:667] [ERROR] [2764436432-aWatch] ubuild is not defined
[2023-03-20 15:01:06:210] [ERROR] [2764436432-aWatch] i is not defined
[2023-03-20 15:01:23:205] [ERROR] [2764436432-aWatch] i is not defined
