[2023-03-26 15:05:55:707] [ERROR] [2764436432-aWatch] roomName is not defined
[2023-03-26 15:10:58:842] [ERROR] [2764436432-aWatch] First argument to String.prototype.includes must not be a regular expression
